Using pre-set license
Built from '2021.3/staging' branch; Version is '2021.3.9f1 (ad3870b89536) revision 11352176'; Using compiler version '192829333'; Build Type 'Release'
OS: 'Windows 10  (10.0.19043) 64bit Professional' Language: 'en' Physical Memory: 16251 MB
BatchMode: 1, IsHumanControllingUs: 0, StartBugReporterOnCrash: 0, Is64bit: 1, IsPro: 1

COMMAND LINE ARGUMENTS:
D:\Software\UnityProjects\2021.3.9f1\Editor\Unity.exe
-adb2
-batchMode
-noUpm
-name
AssetImportWorker0
-projectPath
D:/Documents/UnityProjects/Metaverse-ADverse/ArFoundationAndroid
-logFile
Logs/AssetImportWorker0.log
-srvPort
60385
Successfully changed project path to: D:/Documents/UnityProjects/Metaverse-ADverse/ArFoundationAndroid
D:/Documents/UnityProjects/Metaverse-ADverse/ArFoundationAndroid
[UnityMemory] Configuration Parameters - Can be set up in boot.config
    "memorysetup-bucket-allocator-granularity=16"
    "memorysetup-bucket-allocator-bucket-count=8"
    "memorysetup-bucket-allocator-block-size=33554432"
    "memorysetup-bucket-allocator-block-count=8"
    "memorysetup-main-allocator-block-size=16777216"
    "memorysetup-thread-allocator-block-size=16777216"
    "memorysetup-gfx-main-allocator-block-size=16777216"
    "memorysetup-gfx-thread-allocator-block-size=16777216"
    "memorysetup-cache-allocator-block-size=4194304"
    "memorysetup-typetree-allocator-block-size=2097152"
    "memorysetup-profiler-bucket-allocator-granularity=16"
    "memorysetup-profiler-bucket-allocator-bucket-count=8"
    "memorysetup-profiler-bucket-allocator-block-size=33554432"
    "memorysetup-profiler-bucket-allocator-block-count=8"
    "memorysetup-profiler-allocator-block-size=16777216"
    "memorysetup-profiler-editor-allocator-block-size=1048576"
    "memorysetup-temp-allocator-size-main=16777216"
    "memorysetup-job-temp-allocator-block-size=2097152"
    "memorysetup-job-temp-allocator-block-size-background=1048576"
    "memorysetup-job-temp-allocator-reduction-small-platforms=262144"
    "memorysetup-temp-allocator-size-background-worker=32768"
    "memorysetup-temp-allocator-size-job-worker=262144"
    "memorysetup-temp-allocator-size-preload-manager=33554432"
    "memorysetup-temp-allocator-size-nav-mesh-worker=65536"
    "memorysetup-temp-allocator-size-audio-worker=65536"
    "memorysetup-temp-allocator-size-cloud-worker=32768"
    "memorysetup-temp-allocator-size-gi-baking-worker=262144"
    "memorysetup-temp-allocator-size-gfx=262144"
Refreshing native plugins compatible for Editor in 84.64 ms, found 3 plugins.
Preloading 0 native plugins for Editor in 0.00 ms.
Initialize engine version: 2021.3.9f1 (ad3870b89536)
[Subsystems] Discovering subsystems at path D:/Software/UnityProjects/2021.3.9f1/Editor/Data/Resources/UnitySubsystems
[Subsystems] Discovering subsystems at path D:/Documents/UnityProjects/Metaverse-ADverse/ArFoundationAndroid/Assets
GfxDevice: creating device client; threaded=0; jobified=0
Direct3D:
    Version:  Direct3D 11.0 [level 11.1]
    Renderer: NVIDIA GeForce GTX 1660 SUPER (ID=0x21c4)
    Vendor:   NVIDIA
    VRAM:     5980 MB
    Driver:   31.0.15.2647
Initialize mono
Mono path[0] = 'D:/Software/UnityProjects/2021.3.9f1/Editor/Data/Managed'
Mono path[1] = 'D:/Software/UnityProjects/2021.3.9f1/Editor/Data/MonoBleedingEdge/lib/mono/unityjit-win32'
Mono config path = 'D:/Software/UnityProjects/2021.3.9f1/Editor/Data/MonoBleedingEdge/etc'
Using monoOptions --debugger-agent=transport=dt_socket,embedding=1,server=y,suspend=n,address=127.0.0.1:56236
Begin MonoManager ReloadAssembly
Registering precompiled unity dll's ...
Register platform support module: D:/Software/UnityProjects/2021.3.9f1/Editor/Data/PlaybackEngines/WebGLSupport/UnityEditor.WebGL.Extensions.dll
Register platform support module: D:/Software/UnityProjects/2021.3.9f1/Editor/Data/PlaybackEngines/AndroidPlayer/UnityEditor.Android.Extensions.dll
Register platform support module: D:/Software/UnityProjects/2021.3.9f1/Editor/Data/PlaybackEngines/WindowsStandaloneSupport/UnityEditor.WindowsStandalone.Extensions.dll
Registered in 0.003430 seconds.
Native extension for WindowsStandalone target not found
Native extension for Android target not found
Native extension for WebGL target not found
Refreshing native plugins compatible for Editor in 88.62 ms, found 3 plugins.
Preloading 0 native plugins for Editor in 0.00 ms.
Mono: successfully reloaded assembly
- Completed reload, in  0.618 seconds
Domain Reload Profiling:
	ReloadAssembly (619ms)
		BeginReloadAssembly (68ms)
			ExecutionOrderSort (0ms)
			DisableScriptedObjects (0ms)
			BackupInstance (0ms)
			ReleaseScriptingObjects (0ms)
			CreateAndSetChildDomain (1ms)
		EndReloadAssembly (457ms)
			LoadAssemblies (67ms)
			RebuildTransferFunctionScriptingTraits (0ms)
			SetupTypeCache (103ms)
			ReleaseScriptCaches (0ms)
			RebuildScriptCaches (28ms)
			SetupLoadedEditorAssemblies (280ms)
				LogAssemblyErrors (0ms)
				InitializePlatformSupportModulesInManaged (50ms)
				SetLoadedEditorAssemblies (0ms)
				RefreshPlugins (89ms)
				BeforeProcessingInitializeOnLoad (1ms)
				ProcessInitializeOnLoadAttributes (97ms)
				ProcessInitializeOnLoadMethodAttributes (43ms)
				AfterProcessingInitializeOnLoad (0ms)
				EditorAssembliesLoaded (0ms)
			ExecutionOrderSort2 (0ms)
			AwakeInstancesAfterBackupRestoration (0ms)
Platform modules already initialized, skipping
Registering precompiled user dll's ...
Registered in 0.003932 seconds.
Begin MonoManager ReloadAssembly
Symbol file LoadedFromMemory doesn't match image D:\Documents\UnityProjects\Metaverse-ADverse\ArFoundationAndroid\Library\PackageCache\com.unity.visualscripting@1.7.8\Editor\VisualScripting.Core\Dependencies\YamlDotNet\Unity.VisualScripting.YamlDotNet.dll
Symbol file LoadedFromMemory doesn't match image D:\Documents\UnityProjects\Metaverse-ADverse\ArFoundationAndroid\Library\PackageCache\com.unity.visualscripting@1.7.8\Editor\VisualScripting.Core\Dependencies\DotNetZip\Unity.VisualScripting.IonicZip.dll
Native extension for WindowsStandalone target not found
Native extension for Android target not found
Native extension for WebGL target not found
Refreshing native plugins compatible for Editor in 0.65 ms, found 3 plugins.
Preloading 0 native plugins for Editor in 0.00 ms.
Package Manager log level set to [2]
Mono: successfully reloaded assembly
- Completed reload, in  1.171 seconds
Domain Reload Profiling:
	ReloadAssembly (1172ms)
		BeginReloadAssembly (210ms)
			ExecutionOrderSort (0ms)
			DisableScriptedObjects (6ms)
			BackupInstance (0ms)
			ReleaseScriptingObjects (0ms)
			CreateAndSetChildDomain (126ms)
		EndReloadAssembly (862ms)
			LoadAssemblies (86ms)
			RebuildTransferFunctionScriptingTraits (0ms)
			SetupTypeCache (268ms)
			ReleaseScriptCaches (1ms)
			RebuildScriptCaches (59ms)
			SetupLoadedEditorAssemblies (410ms)
				LogAssemblyErrors (0ms)
				InitializePlatformSupportModulesInManaged (14ms)
				SetLoadedEditorAssemblies (0ms)
				RefreshPlugins (1ms)
				BeforeProcessingInitializeOnLoad (112ms)
				ProcessInitializeOnLoadAttributes (249ms)
				ProcessInitializeOnLoadMethodAttributes (30ms)
				AfterProcessingInitializeOnLoad (3ms)
				EditorAssembliesLoaded (0ms)
			ExecutionOrderSort2 (0ms)
			AwakeInstancesAfterBackupRestoration (6ms)
Platform modules already initialized, skipping
========================================================================
Worker process is ready to serve import requests
Launched and connected shader compiler UnityShaderCompiler.exe after 0.03 seconds
Refreshing native plugins compatible for Editor in 0.67 ms, found 3 plugins.
Preloading 0 native plugins for Editor in 0.00 ms.
Unloading 4135 Unused Serialized files (Serialized files now loaded: 0)
Unloading 30 unused Assets / (187.5 KB). Loaded Objects now: 4596.
Memory consumption went from 147.4 MB to 147.2 MB.
Total: 3.092000 ms (FindLiveObjects: 0.402500 ms CreateObjectMapping: 0.284800 ms MarkObjects: 2.268100 ms  DeleteObjects: 0.136000 ms)

AssetImportParameters requested are different than current active one (requested -> active):
  custom:video-decoder-ogg-theora: a1e56fd34408186e4bbccfd4996cb3dc -> 
  custom:container-muxer-webm: aa71ff27fc2769a1b78a27578f13a17b -> 
  custom:container-demuxer-webm: 4f35f7cbe854078d1ac9338744f61a02 -> 
  custom:video-encoder-webm-vp8: eb34c28f22e8b96e1ab97ce403110664 -> 
  custom:audio-encoder-webm-vorbis: bf7c407c2cedff20999df2af8eb42d56 -> 
  custom:framework-win-MediaFoundation: 216162199b28c13a410421893ffa2e32 -> 
  custom:container-demuxer-ogg: 62fdf1f143b41e24485cea50d1cbac27 -> 
  custom:video-decoder-webm-vp8: 9c59270c3fd7afecdb556c50c9e8de78 -> 
  custom:audio-decoder-ogg-vorbis: bf7c407c2cedff20999df2af8eb42d56 -> 
========================================================================
Received Import Request.
  Time since last request: 51035.578532 seconds.
  path: Assets/Desk/Wood.mat
  artifactKey: Guid(20d1ed887893f604682a62cb31084d1a) Importer(815301076,1909f56bfc062723c751e8b465ee728b)
Start importing Assets/Desk/Wood.mat using Guid(20d1ed887893f604682a62cb31084d1a) Importer(815301076,1909f56bfc062723c751e8b465ee728b)  -> (artifact id: 'd81347764726393bb12c484f3e582435') in 0.099480 seconds 
========================================================================
Received Import Request.
  Time since last request: 189.219718 seconds.
  path: Assets/Desk/Materialds
  artifactKey: Guid(c5290a7c677db9944bcb29f247f3cae3) Importer(815301076,1909f56bfc062723c751e8b465ee728b)
Start importing Assets/Desk/Materialds using Guid(c5290a7c677db9944bcb29f247f3cae3) Importer(815301076,1909f56bfc062723c751e8b465ee728b)  -> (artifact id: 'be16b497f359527113f34066ff2b3a82') in 0.001511 seconds 
========================================================================
Received Import Request.
  Time since last request: 7.172271 seconds.
  path: Assets/Desk/Materials
  artifactKey: Guid(c5290a7c677db9944bcb29f247f3cae3) Importer(815301076,1909f56bfc062723c751e8b465ee728b)
Start importing Assets/Desk/Materials using Guid(c5290a7c677db9944bcb29f247f3cae3) Importer(815301076,1909f56bfc062723c751e8b465ee728b)  -> (artifact id: '0c60a1865e1af6742180f9c094972f58') in 0.000914 seconds 
========================================================================
Received Import Request.
  Time since last request: 6.424335 seconds.
  path: Assets/Desk/Mesh
  artifactKey: Guid(0f1f3cc1ca6118c4c9925055fd29023a) Importer(815301076,1909f56bfc062723c751e8b465ee728b)
Start importing Assets/Desk/Mesh using Guid(0f1f3cc1ca6118c4c9925055fd29023a) Importer(815301076,1909f56bfc062723c751e8b465ee728b)  -> (artifact id: '5f0b78c3ac12ee7dafcc3cc7b77d6260') in 0.001012 seconds 
========================================================================
Received Import Request.
  Time since last request: 2.806514 seconds.
  path: Assets/Desk/Mesh/Table.prefab
  artifactKey: Guid(79070f351762ef04f97878eb1cbb4c8b) Importer(815301076,1909f56bfc062723c751e8b465ee728b)
Start importing Assets/Desk/Mesh/Table.prefab using Guid(79070f351762ef04f97878eb1cbb4c8b) Importer(815301076,1909f56bfc062723c751e8b465ee728b)  -> (artifact id: 'c8b8aa8fd0d63f7e31f6fb03d8dece24') in 0.022677 seconds 
========================================================================
Received Import Request.
  Time since last request: 8.676979 seconds.
  path: Assets/Mess
  artifactKey: Guid(da30db4d409ffe44cbe3180e8f253ad3) Importer(815301076,1909f56bfc062723c751e8b465ee728b)
Start importing Assets/Mess using Guid(da30db4d409ffe44cbe3180e8f253ad3) Importer(815301076,1909f56bfc062723c751e8b465ee728b)  -> (artifact id: 'be3ba332dd6c42ee22826746fc1f6431') in 0.001220 seconds 
========================================================================
Received Import Request.
  Time since last request: 5.616959 seconds.
  path: Assets/Mess/Meshes
  artifactKey: Guid(ac2ffa70e2251dc4f8fcc24810e00def) Importer(815301076,1909f56bfc062723c751e8b465ee728b)
Start importing Assets/Mess/Meshes using Guid(ac2ffa70e2251dc4f8fcc24810e00def) Importer(815301076,1909f56bfc062723c751e8b465ee728b)  -> (artifact id: '560984e9c5c444cd670df0edb07587a8') in 0.001516 seconds 
========================================================================
Received Import Request.
  Time since last request: 331.897694 seconds.
  path: Assets/Mess/Meshes/Cup.prefab
  artifactKey: Guid(087e48a6c26175d4c862471de6a1ab27) Importer(815301076,1909f56bfc062723c751e8b465ee728b)
Start importing Assets/Mess/Meshes/Cup.prefab using Guid(087e48a6c26175d4c862471de6a1ab27) Importer(815301076,1909f56bfc062723c751e8b465ee728b)  -> (artifact id: 'a67b4ea05acd9fcd553b62d0cab48435') in 0.025958 seconds 
========================================================================
Received Import Request.
  Time since last request: 216.207103 seconds.
  path: Assets/Mess/Meshes/Keyboard.prefab
  artifactKey: Guid(6e168c4046467f948a86260bfbf59acf) Importer(815301076,1909f56bfc062723c751e8b465ee728b)
Start importing Assets/Mess/Meshes/Keyboard.prefab using Guid(6e168c4046467f948a86260bfbf59acf) Importer(815301076,1909f56bfc062723c751e8b465ee728b)  -> (artifact id: 'ced574b0852c5d014da41a6ecbae38ff') in 0.010697 seconds 
========================================================================
Received Import Request.
  Time since last request: 157.645439 seconds.
  path: Assets/Mess/Meshes/Mouse.prefab
  artifactKey: Guid(3f580ea3b32a31f4283c12f9d3bee992) Importer(815301076,1909f56bfc062723c751e8b465ee728b)
Start importing Assets/Mess/Meshes/Mouse.prefab using Guid(3f580ea3b32a31f4283c12f9d3bee992) Importer(815301076,1909f56bfc062723c751e8b465ee728b)  -> (artifact id: '9390fb29bd5dae9ad91260289cb32b49') in 0.008792 seconds 
========================================================================
Received Import Request.
  Time since last request: 181.268683 seconds.
  path: Assets/Tv/Mesh/Tv.prefab
  artifactKey: Guid(c0e6981dd83eb37418e142619879f6b6) Importer(815301076,1909f56bfc062723c751e8b465ee728b)
Start importing Assets/Tv/Mesh/Tv.prefab using Guid(c0e6981dd83eb37418e142619879f6b6) Importer(815301076,1909f56bfc062723c751e8b465ee728b)  -> (artifact id: '6a4ec03b089f34930e4918f0440cb5c0') in 0.008800 seconds 
========================================================================
Received Import Request.
  Time since last request: 14.431823 seconds.
  path: Assets/Tv/Materials/LightMat.mat
  artifactKey: Guid(0c36d51fdbf1d5249bb5c249dbbf7dde) Importer(815301076,1909f56bfc062723c751e8b465ee728b)
Start importing Assets/Tv/Materials/LightMat.mat using Guid(0c36d51fdbf1d5249bb5c249dbbf7dde) Importer(815301076,1909f56bfc062723c751e8b465ee728b)  -> (artifact id: '0d11fb7d577dafdea8cc4b59c52f00ad') in 0.007595 seconds 
========================================================================
Received Import Request.
  Time since last request: 131.143823 seconds.
  path: Assets/Mess/Materials
  artifactKey: Guid(86b76a6c29a180f4fa0bd3ae02a70233) Importer(815301076,1909f56bfc062723c751e8b465ee728b)
Start importing Assets/Mess/Materials using Guid(86b76a6c29a180f4fa0bd3ae02a70233) Importer(815301076,1909f56bfc062723c751e8b465ee728b)  -> (artifact id: 'c9ed5fad3f8ed9510c92c0fb4efef5d1') in 0.000869 seconds 
========================================================================
Received Import Request.
  Time since last request: 5.647037 seconds.
  path: Assets/Mess/Materials/New Material.mat
  artifactKey: Guid(1b4001e56d48f9c42953da27f00ccd45) Importer(815301076,1909f56bfc062723c751e8b465ee728b)
Start importing Assets/Mess/Materials/New Material.mat using Guid(1b4001e56d48f9c42953da27f00ccd45) Importer(815301076,1909f56bfc062723c751e8b465ee728b)  -> (artifact id: '22d60ebba60aaccf056391b662e1247f') in 0.007729 seconds 
========================================================================
Received Import Request.
  Time since last request: 226.900826 seconds.
  path: Assets/Mess/Meshes/StickyNote.prefab
  artifactKey: Guid(e7aae33bc42cd0c44b4cac35f9f1cc15) Importer(815301076,1909f56bfc062723c751e8b465ee728b)
Start importing Assets/Mess/Meshes/StickyNote.prefab using Guid(e7aae33bc42cd0c44b4cac35f9f1cc15) Importer(815301076,1909f56bfc062723c751e8b465ee728b)  -> (artifact id: '3e5ce2f30ac0deb4ffa3e5cc96995f7e') in 0.050601 seconds 
========================================================================
Received Prepare
Refreshing native plugins compatible for Editor in 3.32 ms, found 3 plugins.
Preloading 0 native plugins for Editor in 0.00 ms.
Unloading 22 Unused Serialized files (Serialized files now loaded: 0)
Unloading 21 unused Assets / (128.7 KB). Loaded Objects now: 4643.
Memory consumption went from 67.6 MB to 67.5 MB.
Total: 5.267400 ms (FindLiveObjects: 0.325000 ms CreateObjectMapping: 0.311200 ms MarkObjects: 4.518400 ms  DeleteObjects: 0.111900 ms)

AssetImportParameters requested are different than current active one (requested -> active):
  custom:video-decoder-ogg-theora: a1e56fd34408186e4bbccfd4996cb3dc -> 
  custom:container-muxer-webm: aa71ff27fc2769a1b78a27578f13a17b -> 
  custom:container-demuxer-webm: 4f35f7cbe854078d1ac9338744f61a02 -> 
  custom:video-encoder-webm-vp8: eb34c28f22e8b96e1ab97ce403110664 -> 
  custom:audio-encoder-webm-vorbis: bf7c407c2cedff20999df2af8eb42d56 -> 
  custom:framework-win-MediaFoundation: 216162199b28c13a410421893ffa2e32 -> 
  custom:container-demuxer-ogg: 62fdf1f143b41e24485cea50d1cbac27 -> 
  custom:video-decoder-webm-vp8: 9c59270c3fd7afecdb556c50c9e8de78 -> 
  custom:audio-decoder-ogg-vorbis: bf7c407c2cedff20999df2af8eb42d56 -> 
========================================================================
Received Import Request.
  Time since last request: 130.232611 seconds.
  path: Assets/Mess/Meshes/StickyNote.prefab
  artifactKey: Guid(e7aae33bc42cd0c44b4cac35f9f1cc15) Importer(815301076,1909f56bfc062723c751e8b465ee728b)
Start importing Assets/Mess/Meshes/StickyNote.prefab using Guid(e7aae33bc42cd0c44b4cac35f9f1cc15) Importer(815301076,1909f56bfc062723c751e8b465ee728b)  -> (artifact id: '16fcc0a58bddbcc748d0d84d6f7e117e') in 0.028633 seconds 
========================================================================
Received Prepare
Refreshing native plugins compatible for Editor in 3.38 ms, found 3 plugins.
Preloading 0 native plugins for Editor in 0.00 ms.
Unloading 21 Unused Serialized files (Serialized files now loaded: 0)
Unloading 21 unused Assets / (128.7 KB). Loaded Objects now: 4643.
Memory consumption went from 67.5 MB to 67.4 MB.
Total: 3.983200 ms (FindLiveObjects: 0.318300 ms CreateObjectMapping: 0.283900 ms MarkObjects: 3.240500 ms  DeleteObjects: 0.139800 ms)

AssetImportParameters requested are different than current active one (requested -> active):
  custom:video-decoder-ogg-theora: a1e56fd34408186e4bbccfd4996cb3dc -> 
  custom:container-muxer-webm: aa71ff27fc2769a1b78a27578f13a17b -> 
  custom:container-demuxer-webm: 4f35f7cbe854078d1ac9338744f61a02 -> 
  custom:video-encoder-webm-vp8: eb34c28f22e8b96e1ab97ce403110664 -> 
  custom:audio-encoder-webm-vorbis: bf7c407c2cedff20999df2af8eb42d56 -> 
  custom:framework-win-MediaFoundation: 216162199b28c13a410421893ffa2e32 -> 
  custom:container-demuxer-ogg: 62fdf1f143b41e24485cea50d1cbac27 -> 
  custom:video-decoder-webm-vp8: 9c59270c3fd7afecdb556c50c9e8de78 -> 
  custom:audio-decoder-ogg-vorbis: bf7c407c2cedff20999df2af8eb42d56 -> 
========================================================================
Received Import Request.
  Time since last request: 408.888855 seconds.
  path: Assets/Mess/Materials/New Material.mat
  artifactKey: Guid(1b4001e56d48f9c42953da27f00ccd45) Importer(815301076,1909f56bfc062723c751e8b465ee728b)
Start importing Assets/Mess/Materials/New Material.mat using Guid(1b4001e56d48f9c42953da27f00ccd45) Importer(815301076,1909f56bfc062723c751e8b465ee728b)  -> (artifact id: 'fdd678cff909dd02f938376e2971dce6') in 0.322208 seconds 
========================================================================
Received Import Request.
  Time since last request: 7.748169 seconds.
  path: Assets/Mess/Materials/Postit.mat
  artifactKey: Guid(1b4001e56d48f9c42953da27f00ccd45) Importer(815301076,1909f56bfc062723c751e8b465ee728b)
Start importing Assets/Mess/Materials/Postit.mat using Guid(1b4001e56d48f9c42953da27f00ccd45) Importer(815301076,1909f56bfc062723c751e8b465ee728b)  -> (artifact id: '8c617d9c5dd08b29813b5920a7bd9b81') in 0.025012 seconds 
========================================================================
Received Import Request.
  Time since last request: 13.039525 seconds.
  path: Assets/Mess/Materials/CupMat.mat
  artifactKey: Guid(22f27eb5d1f9cde43b9aba740675c6c5) Importer(815301076,1909f56bfc062723c751e8b465ee728b)
Start importing Assets/Mess/Materials/CupMat.mat using Guid(22f27eb5d1f9cde43b9aba740675c6c5) Importer(815301076,1909f56bfc062723c751e8b465ee728b)  -> (artifact id: 'a11b3767745062cb4368e18570b6df71') in 0.024101 seconds 
========================================================================
Received Import Request.
  Time since last request: 24.549898 seconds.
  path: Assets/Mess/Materials/Keyboard mat.mat
  artifactKey: Guid(58baa3df1b7d17247a8fa283d4addeef) Importer(815301076,1909f56bfc062723c751e8b465ee728b)
Start importing Assets/Mess/Materials/Keyboard mat.mat using Guid(58baa3df1b7d17247a8fa283d4addeef) Importer(815301076,1909f56bfc062723c751e8b465ee728b)  -> (artifact id: 'c7b52956a9fbdc2fd9a571ab986c4d13') in 0.018997 seconds 
========================================================================
Received Import Request.
  Time since last request: 15.411393 seconds.
  path: Assets/Mess/Materials/Keymat.mat
  artifactKey: Guid(c719463659cc19b47b8dd6a4fecf6af5) Importer(815301076,1909f56bfc062723c751e8b465ee728b)
Start importing Assets/Mess/Materials/Keymat.mat using Guid(c719463659cc19b47b8dd6a4fecf6af5) Importer(815301076,1909f56bfc062723c751e8b465ee728b)  -> (artifact id: '5fef56476e0a054bd90afd07af79cf50') in 0.012713 seconds 
========================================================================
Received Prepare
Refreshing native plugins compatible for Editor in 3.41 ms, found 3 plugins.
Preloading 0 native plugins for Editor in 0.00 ms.
Unloading 21 Unused Serialized files (Serialized files now loaded: 0)
Unloading 21 unused Assets / (128.7 KB). Loaded Objects now: 4643.
Memory consumption went from 67.5 MB to 67.4 MB.
Total: 3.583300 ms (FindLiveObjects: 0.338800 ms CreateObjectMapping: 0.272100 ms MarkObjects: 2.872300 ms  DeleteObjects: 0.099500 ms)

AssetImportParameters requested are different than current active one (requested -> active):
  custom:video-decoder-ogg-theora: a1e56fd34408186e4bbccfd4996cb3dc -> 
  custom:container-muxer-webm: aa71ff27fc2769a1b78a27578f13a17b -> 
  custom:container-demuxer-webm: 4f35f7cbe854078d1ac9338744f61a02 -> 
  custom:video-encoder-webm-vp8: eb34c28f22e8b96e1ab97ce403110664 -> 
  custom:audio-encoder-webm-vorbis: bf7c407c2cedff20999df2af8eb42d56 -> 
  custom:framework-win-MediaFoundation: 216162199b28c13a410421893ffa2e32 -> 
  custom:container-demuxer-ogg: 62fdf1f143b41e24485cea50d1cbac27 -> 
  custom:video-decoder-webm-vp8: 9c59270c3fd7afecdb556c50c9e8de78 -> 
  custom:audio-decoder-ogg-vorbis: bf7c407c2cedff20999df2af8eb42d56 -> 
========================================================================
Received Import Request.
  Time since last request: 56.642538 seconds.
  path: Assets/Mess/Materials/Keyboard mat.mat
  artifactKey: Guid(58baa3df1b7d17247a8fa283d4addeef) Importer(815301076,1909f56bfc062723c751e8b465ee728b)
Start importing Assets/Mess/Materials/Keyboard mat.mat using Guid(58baa3df1b7d17247a8fa283d4addeef) Importer(815301076,1909f56bfc062723c751e8b465ee728b)  -> (artifact id: '142fcf483ecfcd413461e044d02b4d09') in 0.174716 seconds 
========================================================================
Received Prepare
Refreshing native plugins compatible for Editor in 3.19 ms, found 3 plugins.
Preloading 0 native plugins for Editor in 0.00 ms.
Unloading 21 Unused Serialized files (Serialized files now loaded: 0)
Unloading 21 unused Assets / (136.3 KB). Loaded Objects now: 4643.
Memory consumption went from 67.5 MB to 67.4 MB.
Total: 3.478100 ms (FindLiveObjects: 0.304800 ms CreateObjectMapping: 0.272400 ms MarkObjects: 2.791000 ms  DeleteObjects: 0.109100 ms)

AssetImportParameters requested are different than current active one (requested -> active):
  custom:video-decoder-ogg-theora: a1e56fd34408186e4bbccfd4996cb3dc -> 
  custom:container-muxer-webm: aa71ff27fc2769a1b78a27578f13a17b -> 
  custom:container-demuxer-webm: 4f35f7cbe854078d1ac9338744f61a02 -> 
  custom:video-encoder-webm-vp8: eb34c28f22e8b96e1ab97ce403110664 -> 
  custom:audio-encoder-webm-vorbis: bf7c407c2cedff20999df2af8eb42d56 -> 
  custom:framework-win-MediaFoundation: 216162199b28c13a410421893ffa2e32 -> 
  custom:container-demuxer-ogg: 62fdf1f143b41e24485cea50d1cbac27 -> 
  custom:video-decoder-webm-vp8: 9c59270c3fd7afecdb556c50c9e8de78 -> 
  custom:audio-decoder-ogg-vorbis: bf7c407c2cedff20999df2af8eb42d56 -> 
========================================================================
Received Prepare
Refreshing native plugins compatible for Editor in 3.39 ms, found 3 plugins.
Preloading 0 native plugins for Editor in 0.00 ms.
Unloading 21 Unused Serialized files (Serialized files now loaded: 0)
Unloading 21 unused Assets / (136.2 KB). Loaded Objects now: 4643.
Memory consumption went from 67.5 MB to 67.4 MB.
Total: 3.475800 ms (FindLiveObjects: 0.302900 ms CreateObjectMapping: 0.250100 ms MarkObjects: 2.717600 ms  DeleteObjects: 0.204500 ms)

AssetImportParameters requested are different than current active one (requested -> active):
  custom:video-decoder-ogg-theora: a1e56fd34408186e4bbccfd4996cb3dc -> 
  custom:container-muxer-webm: aa71ff27fc2769a1b78a27578f13a17b -> 
  custom:container-demuxer-webm: 4f35f7cbe854078d1ac9338744f61a02 -> 
  custom:video-encoder-webm-vp8: eb34c28f22e8b96e1ab97ce403110664 -> 
  custom:audio-encoder-webm-vorbis: bf7c407c2cedff20999df2af8eb42d56 -> 
  custom:framework-win-MediaFoundation: 216162199b28c13a410421893ffa2e32 -> 
  custom:container-demuxer-ogg: 62fdf1f143b41e24485cea50d1cbac27 -> 
  custom:video-decoder-webm-vp8: 9c59270c3fd7afecdb556c50c9e8de78 -> 
  custom:audio-decoder-ogg-vorbis: bf7c407c2cedff20999df2af8eb42d56 -> 
========================================================================
Received Prepare
Registering precompiled user dll's ...
Registered in 0.004005 seconds.
Begin MonoManager ReloadAssembly
Symbol file LoadedFromMemory doesn't match image D:\Documents\UnityProjects\Metaverse-ADverse\ArFoundationAndroid\Library\PackageCache\com.unity.visualscripting@1.7.8\Editor\VisualScripting.Core\Dependencies\YamlDotNet\Unity.VisualScripting.YamlDotNet.dll
Symbol file LoadedFromMemory doesn't match image D:\Documents\UnityProjects\Metaverse-ADverse\ArFoundationAndroid\Library\PackageCache\com.unity.visualscripting@1.7.8\Editor\VisualScripting.Core\Dependencies\DotNetZip\Unity.VisualScripting.IonicZip.dll
Native extension for WindowsStandalone target not found
Native extension for Android target not found
Native extension for WebGL target not found
Refreshing native plugins compatible for Editor in 0.56 ms, found 3 plugins.
Preloading 0 native plugins for Editor in 0.00 ms.
Mono: successfully reloaded assembly
- Completed reload, in  0.983 seconds
Domain Reload Profiling:
	ReloadAssembly (984ms)
		BeginReloadAssembly (126ms)
			ExecutionOrderSort (0ms)
			DisableScriptedObjects (4ms)
			BackupInstance (0ms)
			ReleaseScriptingObjects (0ms)
			CreateAndSetChildDomain (37ms)
		EndReloadAssembly (774ms)
			LoadAssemblies (79ms)
			RebuildTransferFunctionScriptingTraits (0ms)
			SetupTypeCache (268ms)
			ReleaseScriptCaches (1ms)
			RebuildScriptCaches (41ms)
			SetupLoadedEditorAssemblies (343ms)
				LogAssemblyErrors (0ms)
				InitializePlatformSupportModulesInManaged (20ms)
				SetLoadedEditorAssemblies (0ms)
				RefreshPlugins (1ms)
				BeforeProcessingInitializeOnLoad (77ms)
				ProcessInitializeOnLoadAttributes (216ms)
				ProcessInitializeOnLoadMethodAttributes (26ms)
				AfterProcessingInitializeOnLoad (3ms)
				EditorAssembliesLoaded (0ms)
			ExecutionOrderSort2 (0ms)
			AwakeInstancesAfterBackupRestoration (6ms)
Platform modules already initialized, skipping
Refreshing native plugins compatible for Editor in 1.48 ms, found 3 plugins.
Preloading 0 native plugins for Editor in 0.00 ms.
Unloading 3737 Unused Serialized files (Serialized files now loaded: 0)
Unloading 188 unused Assets / (81.5 KB). Loaded Objects now: 4477.
Memory consumption went from 141.0 MB to 140.9 MB.
Total: 2.999400 ms (FindLiveObjects: 0.291800 ms CreateObjectMapping: 0.211900 ms MarkObjects: 2.353400 ms  DeleteObjects: 0.141600 ms)

AssetImportParameters requested are different than current active one (requested -> active):
  custom:video-decoder-ogg-theora: a1e56fd34408186e4bbccfd4996cb3dc -> 
  custom:container-muxer-webm: aa71ff27fc2769a1b78a27578f13a17b -> 
  custom:container-demuxer-webm: 4f35f7cbe854078d1ac9338744f61a02 -> 
  custom:video-encoder-webm-vp8: eb34c28f22e8b96e1ab97ce403110664 -> 
  custom:audio-encoder-webm-vorbis: bf7c407c2cedff20999df2af8eb42d56 -> 
  custom:framework-win-MediaFoundation: 216162199b28c13a410421893ffa2e32 -> 
  custom:container-demuxer-ogg: 62fdf1f143b41e24485cea50d1cbac27 -> 
  custom:video-decoder-webm-vp8: 9c59270c3fd7afecdb556c50c9e8de78 -> 
  custom:audio-decoder-ogg-vorbis: bf7c407c2cedff20999df2af8eb42d56 -> 
========================================================================
Received Prepare
Refreshing native plugins compatible for Editor in 3.10 ms, found 3 plugins.
Preloading 0 native plugins for Editor in 0.00 ms.
Unloading 20 Unused Serialized files (Serialized files now loaded: 0)
Unloading 20 unused Assets / (78.7 KB). Loaded Objects now: 4477.
Memory consumption went from 64.8 MB to 64.8 MB.
Total: 2.679400 ms (FindLiveObjects: 0.286000 ms CreateObjectMapping: 0.212100 ms MarkObjects: 2.102400 ms  DeleteObjects: 0.078400 ms)

AssetImportParameters requested are different than current active one (requested -> active):
  custom:video-decoder-ogg-theora: a1e56fd34408186e4bbccfd4996cb3dc -> 
  custom:container-muxer-webm: aa71ff27fc2769a1b78a27578f13a17b -> 
  custom:container-demuxer-webm: 4f35f7cbe854078d1ac9338744f61a02 -> 
  custom:video-encoder-webm-vp8: eb34c28f22e8b96e1ab97ce403110664 -> 
  custom:audio-encoder-webm-vorbis: bf7c407c2cedff20999df2af8eb42d56 -> 
  custom:framework-win-MediaFoundation: 216162199b28c13a410421893ffa2e32 -> 
  custom:container-demuxer-ogg: 62fdf1f143b41e24485cea50d1cbac27 -> 
  custom:video-decoder-webm-vp8: 9c59270c3fd7afecdb556c50c9e8de78 -> 
  custom:audio-decoder-ogg-vorbis: bf7c407c2cedff20999df2af8eb42d56 -> 
========================================================================
Received Prepare
Refreshing native plugins compatible for Editor in 3.32 ms, found 3 plugins.
Preloading 0 native plugins for Editor in 0.00 ms.
Unloading 20 Unused Serialized files (Serialized files now loaded: 0)
Unloading 20 unused Assets / (78.8 KB). Loaded Objects now: 4477.
Memory consumption went from 64.8 MB to 64.8 MB.
Total: 3.377400 ms (FindLiveObjects: 0.264800 ms CreateObjectMapping: 0.197800 ms MarkObjects: 2.800800 ms  DeleteObjects: 0.113300 ms)

AssetImportParameters requested are different than current active one (requested -> active):
  custom:video-decoder-ogg-theora: a1e56fd34408186e4bbccfd4996cb3dc -> 
  custom:container-muxer-webm: aa71ff27fc2769a1b78a27578f13a17b -> 
  custom:container-demuxer-webm: 4f35f7cbe854078d1ac9338744f61a02 -> 
  custom:video-encoder-webm-vp8: eb34c28f22e8b96e1ab97ce403110664 -> 
  custom:audio-encoder-webm-vorbis: bf7c407c2cedff20999df2af8eb42d56 -> 
  custom:framework-win-MediaFoundation: 216162199b28c13a410421893ffa2e32 -> 
  custom:container-demuxer-ogg: 62fdf1f143b41e24485cea50d1cbac27 -> 
  custom:video-decoder-webm-vp8: 9c59270c3fd7afecdb556c50c9e8de78 -> 
  custom:audio-decoder-ogg-vorbis: bf7c407c2cedff20999df2af8eb42d56 -> 
